#-----------------------------------------------------------
# Vivado v2018.1 (64-bit)
# SW Build 2188600 on Wed Apr  4 18:40:38 MDT 2018
# IP Build 2185939 on Wed Apr  4 20:55:05 MDT 2018
# Start of session at: Wed May 16 14:19:48 2018
# Process ID: 6192
# Current directory: C:/Users/Administrator/Desktop/posture_rec_zcu_20180516/posture_rec_zcu
# Command line: vivado.exe -gui_launcher_event rodinguilauncherevent2644 C:\Users\Administrator\Desktop\posture_rec_zcu_20180516\posture_rec_zcu\posture_rec_zcu.xpr
# Log file: C:/Users/Administrator/Desktop/posture_rec_zcu_20180516/posture_rec_zcu/vivado.log
# Journal file: C:/Users/Administrator/Desktop/posture_rec_zcu_20180516/posture_rec_zcu\vivado.jou
#-----------------------------------------------------------
start_gui
open_project C:/Users/Administrator/Desktop/posture_rec_zcu_20180516/posture_rec_zcu/posture_rec_zcu.xpr
Scanning sources...
Finished scanning sources
WARNING: [filemgmt 56-3] IP Repository Path: Could not find the directory 'C:/Users/Administrator/Desktop/posture_rec_zcu_20180516/posture_rec_system/posture_rec_system.srcs/sources_1/ip/repo'.
INFO: [IP_Flow 19-234] Refreshing IP repositories
WARNING: [IP_Flow 19-2248] Failed to load user IP repository 'c:/Users/Administrator/Desktop/posture_rec_zcu_20180516/posture_rec_system/posture_rec_system.srcs/sources_1/ip/repo'; Can't find the specified path.
If this directory should no longer be in your list of user repositories, go to the IP Settings dialog and remove it.
INFO: [IP_Flow 19-2313] Loaded Vivado IP repository 'D:/SDx/Vivado/2018.1/data/ip'.
open_project: Time (s): cpu = 00:00:52 ; elapsed = 00:00:47 . Memory (MB): peak = 1196.195 ; gain = 437.586
update_compile_order -fileset sources_1
exit
INFO: [Common 17-206] Exiting Vivado at Wed May 16 14:21:05 2018...
