10:34:28 INFO  : Registering command handlers for SDK TCF services
10:34:29 INFO  : Launching XSCT server: xsct.bat -interactive F:\postureRec\posture_rec_zcu\posture_rec_zcu.sdk\temp_xsdb_launch_script.tcl
10:34:31 INFO  : XSCT server has started successfully.
10:34:31 INFO  : Successfully done setting XSCT server connection channel  
10:34:31 INFO  : Processing command line option -hwspec F:/postureRec/posture_rec_zcu/posture_rec_zcu.sdk/top.hdf.
10:34:31 INFO  : Successfully done setting SDK workspace  
10:40:11 INFO  : Refreshed build settings on project postureZCU
10:46:10 INFO  : Connected to target on host '127.0.0.1' and port '3121'.
10:46:10 INFO  : 'targets -set -filter {jtag_cable_name =~ "Digilent JTAG-SMT2NC 210308A5EBEE" && level==0} -index 0' command is executed.
10:46:25 INFO  : FPGA configured successfully with bitstream "F:/postureRec/posture_rec_zcu/posture_rec_zcu.sdk/top_hw_platform_0/top.bit"
10:50:42 INFO  : Connected to target on host '127.0.0.1' and port '3121'.
10:50:42 INFO  : Jtag cable 'Digilent JTAG-SMT2NC 210308A5EBEE' is selected.
10:50:42 INFO  : 'jtag frequency' command is executed.
10:50:42 INFO  : Sourcing of 'D:/Xilinx/SDK/2017.3/scripts/sdk/util/zynqmp_utils.tcl' is done.
10:50:42 INFO  : Context for 'APU' is selected.
10:50:42 INFO  : Hardware design information is loaded from 'F:/postureRec/posture_rec_zcu/posture_rec_zcu.sdk/top_hw_platform_0/system.hdf'.
10:50:42 INFO  : 'configparams force-mem-access 1' command is executed.
10:50:42 INFO  : Context for 'APU' is selected.
10:50:42 INFO  : Sourcing of 'F:/postureRec/posture_rec_zcu/posture_rec_zcu.sdk/top_hw_platform_0/psu_init.tcl' is done.
10:50:43 INFO  : 'psu_init' command is executed.
10:50:44 INFO  : 'after 1000' command is executed.
10:50:44 INFO  : 'psu_ps_pl_isolation_removal' command is executed.
10:50:45 INFO  : 'after 1000' command is executed.
10:50:45 INFO  : 'psu_ps_pl_reset_config' command is executed.
10:50:45 INFO  : 'catch {psu_protection}' command is executed.
10:50:45 INFO  : Context for processor 'psu_cortexa53_0' is selected.
10:50:45 INFO  : Processor reset is completed for 'psu_cortexa53_0'.
10:51:28 INFO  : The application 'F:/postureRec/posture_rec_zcu/posture_rec_zcu.sdk/postureZCU/Debug/postureZCU.elf' is downloaded to processor 'psu_cortexa53_0'.
10:51:28 INFO  : 'configparams force-mem-access 0' command is executed.
10:51:28 INFO  : ----------------XSDB Script----------------
connect -url tcp:127.0.0.1:3121
source D:/Xilinx/SDK/2017.3/scripts/sdk/util/zynqmp_utils.tcl
targets -set -nocase -filter {name =~"APU*" && jtag_cable_name =~ "Digilent JTAG-SMT2NC 210308A5EBEE"} -index 1
loadhw -hw F:/postureRec/posture_rec_zcu/posture_rec_zcu.sdk/top_hw_platform_0/system.hdf -mem-ranges [list {0x80000000 0xbfffffff} {0x400000000 0x5ffffffff} {0x1000000000 0x7fffffffff}]
configparams force-mem-access 1
targets -set -nocase -filter {name =~"APU*" && jtag_cable_name =~ "Digilent JTAG-SMT2NC 210308A5EBEE"} -index 1
source F:/postureRec/posture_rec_zcu/posture_rec_zcu.sdk/top_hw_platform_0/psu_init.tcl
psu_init
after 1000
psu_ps_pl_isolation_removal
after 1000
psu_ps_pl_reset_config
catch {psu_protection}
targets -set -nocase -filter {name =~"*A53*0" && jtag_cable_name =~ "Digilent JTAG-SMT2NC 210308A5EBEE"} -index 1
rst -processor
dow F:/postureRec/posture_rec_zcu/posture_rec_zcu.sdk/postureZCU/Debug/postureZCU.elf
configparams force-mem-access 0
----------------End of Script----------------

10:51:28 INFO  : Context for processor 'psu_cortexa53_0' is selected.
10:51:28 INFO  : 'con' command is executed.
10:51:28 INFO  : ----------------XSDB Script (After Launch)----------------
targets -set -nocase -filter {name =~"*A53*0" && jtag_cable_name =~ "Digilent JTAG-SMT2NC 210308A5EBEE"} -index 1
con
----------------End of Script----------------

10:51:28 INFO  : Launch script is exported to file 'F:\postureRec\posture_rec_zcu\posture_rec_zcu.sdk\.sdk\launch_scripts\xilinx_c-c++_application_(system_debugger)\system_debugger_using_debug_posturezcu.elf_on_local.tcl'
10:54:07 INFO  : Disconnected from the channel tcfchan#1.
10:54:08 INFO  : Connected to target on host '127.0.0.1' and port '3121'.
10:54:16 INFO  : Jtag cable 'Digilent JTAG-SMT2NC 210308A5EBEE' is selected.
10:54:16 INFO  : 'jtag frequency' command is executed.
10:54:16 INFO  : Sourcing of 'D:/Xilinx/SDK/2017.3/scripts/sdk/util/zynqmp_utils.tcl' is done.
10:54:16 INFO  : Context for 'APU' is selected.
10:54:16 INFO  : Hardware design information is loaded from 'F:/postureRec/posture_rec_zcu/posture_rec_zcu.sdk/top_hw_platform_0/system.hdf'.
10:54:16 INFO  : 'configparams force-mem-access 1' command is executed.
10:54:16 INFO  : Context for 'APU' is selected.
10:54:16 INFO  : Sourcing of 'F:/postureRec/posture_rec_zcu/posture_rec_zcu.sdk/top_hw_platform_0/psu_init.tcl' is done.
10:54:18 INFO  : 'psu_init' command is executed.
10:54:19 INFO  : 'after 1000' command is executed.
10:54:19 INFO  : 'psu_ps_pl_isolation_removal' command is executed.
10:54:20 INFO  : 'after 1000' command is executed.
10:54:20 INFO  : 'psu_ps_pl_reset_config' command is executed.
10:54:20 INFO  : 'catch {psu_protection}' command is executed.
10:54:20 INFO  : Context for processor 'psu_cortexa53_0' is selected.
10:54:20 INFO  : Processor reset is completed for 'psu_cortexa53_0'.
10:55:04 INFO  : The application 'F:/postureRec/posture_rec_zcu/posture_rec_zcu.sdk/postureZCU/Debug/postureZCU.elf' is downloaded to processor 'psu_cortexa53_0'.
10:55:04 INFO  : 'configparams force-mem-access 0' command is executed.
10:55:04 INFO  : ----------------XSDB Script----------------
connect -url tcp:127.0.0.1:3121
source D:/Xilinx/SDK/2017.3/scripts/sdk/util/zynqmp_utils.tcl
targets -set -nocase -filter {name =~"APU*" && jtag_cable_name =~ "Digilent JTAG-SMT2NC 210308A5EBEE"} -index 1
loadhw -hw F:/postureRec/posture_rec_zcu/posture_rec_zcu.sdk/top_hw_platform_0/system.hdf -mem-ranges [list {0x80000000 0xbfffffff} {0x400000000 0x5ffffffff} {0x1000000000 0x7fffffffff}]
configparams force-mem-access 1
targets -set -nocase -filter {name =~"APU*" && jtag_cable_name =~ "Digilent JTAG-SMT2NC 210308A5EBEE"} -index 1
source F:/postureRec/posture_rec_zcu/posture_rec_zcu.sdk/top_hw_platform_0/psu_init.tcl
psu_init
after 1000
psu_ps_pl_isolation_removal
after 1000
psu_ps_pl_reset_config
catch {psu_protection}
targets -set -nocase -filter {name =~"*A53*0" && jtag_cable_name =~ "Digilent JTAG-SMT2NC 210308A5EBEE"} -index 1
rst -processor
dow F:/postureRec/posture_rec_zcu/posture_rec_zcu.sdk/postureZCU/Debug/postureZCU.elf
configparams force-mem-access 0
----------------End of Script----------------

10:55:04 INFO  : Context for processor 'psu_cortexa53_0' is selected.
10:55:05 INFO  : 'con' command is executed.
10:55:05 INFO  : ----------------XSDB Script (After Launch)----------------
targets -set -nocase -filter {name =~"*A53*0" && jtag_cable_name =~ "Digilent JTAG-SMT2NC 210308A5EBEE"} -index 1
con
----------------End of Script----------------

10:55:05 INFO  : Launch script is exported to file 'F:\postureRec\posture_rec_zcu\posture_rec_zcu.sdk\.sdk\launch_scripts\xilinx_c-c++_application_(system_debugger)\system_debugger_using_debug_posturezcu.elf_on_local.tcl'
11:02:36 INFO  : Disconnected from the channel tcfchan#2.
11:02:37 INFO  : Connected to target on host '127.0.0.1' and port '3121'.
11:02:44 INFO  : Jtag cable 'Digilent JTAG-SMT2NC 210308A5EBEE' is selected.
11:02:44 INFO  : 'jtag frequency' command is executed.
11:02:44 INFO  : Sourcing of 'D:/Xilinx/SDK/2017.3/scripts/sdk/util/zynqmp_utils.tcl' is done.
11:02:44 INFO  : Context for 'APU' is selected.
11:02:44 INFO  : Hardware design information is loaded from 'F:/postureRec/posture_rec_zcu/posture_rec_zcu.sdk/top_hw_platform_0/system.hdf'.
11:02:44 INFO  : 'configparams force-mem-access 1' command is executed.
11:02:44 INFO  : Context for 'APU' is selected.
11:02:44 INFO  : Sourcing of 'F:/postureRec/posture_rec_zcu/posture_rec_zcu.sdk/top_hw_platform_0/psu_init.tcl' is done.
11:02:46 INFO  : 'psu_init' command is executed.
11:02:47 INFO  : 'after 1000' command is executed.
11:02:47 INFO  : 'psu_ps_pl_isolation_removal' command is executed.
11:02:48 INFO  : 'after 1000' command is executed.
11:02:48 INFO  : 'psu_ps_pl_reset_config' command is executed.
11:02:48 INFO  : 'catch {psu_protection}' command is executed.
11:02:48 INFO  : Context for processor 'psu_cortexa53_0' is selected.
11:02:48 INFO  : Processor reset is completed for 'psu_cortexa53_0'.
11:03:33 INFO  : The application 'F:/postureRec/posture_rec_zcu/posture_rec_zcu.sdk/postureZCU/Debug/postureZCU.elf' is downloaded to processor 'psu_cortexa53_0'.
11:03:33 INFO  : 'configparams force-mem-access 0' command is executed.
11:03:33 INFO  : ----------------XSDB Script----------------
connect -url tcp:127.0.0.1:3121
source D:/Xilinx/SDK/2017.3/scripts/sdk/util/zynqmp_utils.tcl
targets -set -nocase -filter {name =~"APU*" && jtag_cable_name =~ "Digilent JTAG-SMT2NC 210308A5EBEE"} -index 1
loadhw -hw F:/postureRec/posture_rec_zcu/posture_rec_zcu.sdk/top_hw_platform_0/system.hdf -mem-ranges [list {0x80000000 0xbfffffff} {0x400000000 0x5ffffffff} {0x1000000000 0x7fffffffff}]
configparams force-mem-access 1
targets -set -nocase -filter {name =~"APU*" && jtag_cable_name =~ "Digilent JTAG-SMT2NC 210308A5EBEE"} -index 1
source F:/postureRec/posture_rec_zcu/posture_rec_zcu.sdk/top_hw_platform_0/psu_init.tcl
psu_init
after 1000
psu_ps_pl_isolation_removal
after 1000
psu_ps_pl_reset_config
catch {psu_protection}
targets -set -nocase -filter {name =~"*A53*0" && jtag_cable_name =~ "Digilent JTAG-SMT2NC 210308A5EBEE"} -index 1
rst -processor
dow F:/postureRec/posture_rec_zcu/posture_rec_zcu.sdk/postureZCU/Debug/postureZCU.elf
configparams force-mem-access 0
----------------End of Script----------------

11:03:33 INFO  : Context for processor 'psu_cortexa53_0' is selected.
11:03:33 INFO  : 'con' command is executed.
11:03:33 INFO  : ----------------XSDB Script (After Launch)----------------
targets -set -nocase -filter {name =~"*A53*0" && jtag_cable_name =~ "Digilent JTAG-SMT2NC 210308A5EBEE"} -index 1
con
----------------End of Script----------------

11:03:33 INFO  : Launch script is exported to file 'F:\postureRec\posture_rec_zcu\posture_rec_zcu.sdk\.sdk\launch_scripts\xilinx_c-c++_application_(system_debugger)\system_debugger_using_debug_posturezcu.elf_on_local.tcl'
11:10:37 INFO  : Disconnected from the channel tcfchan#3.
11:10:38 INFO  : Connected to target on host '127.0.0.1' and port '3121'.
11:10:45 INFO  : Jtag cable 'Digilent JTAG-SMT2NC 210308A5EBEE' is selected.
11:10:45 INFO  : 'jtag frequency' command is executed.
11:10:45 INFO  : Sourcing of 'D:/Xilinx/SDK/2017.3/scripts/sdk/util/zynqmp_utils.tcl' is done.
11:10:45 INFO  : Context for 'APU' is selected.
11:10:45 INFO  : Hardware design information is loaded from 'F:/postureRec/posture_rec_zcu/posture_rec_zcu.sdk/top_hw_platform_0/system.hdf'.
11:10:45 INFO  : 'configparams force-mem-access 1' command is executed.
11:10:45 INFO  : Context for 'APU' is selected.
11:10:45 INFO  : Sourcing of 'F:/postureRec/posture_rec_zcu/posture_rec_zcu.sdk/top_hw_platform_0/psu_init.tcl' is done.
11:10:47 INFO  : 'psu_init' command is executed.
11:10:48 INFO  : 'after 1000' command is executed.
11:10:48 INFO  : 'psu_ps_pl_isolation_removal' command is executed.
11:10:49 INFO  : 'after 1000' command is executed.
11:10:49 INFO  : 'psu_ps_pl_reset_config' command is executed.
11:10:49 INFO  : 'catch {psu_protection}' command is executed.
11:10:49 INFO  : Context for processor 'psu_cortexa53_0' is selected.
11:10:49 INFO  : Processor reset is completed for 'psu_cortexa53_0'.
11:11:34 INFO  : The application 'F:/postureRec/posture_rec_zcu/posture_rec_zcu.sdk/postureZCU/Debug/postureZCU.elf' is downloaded to processor 'psu_cortexa53_0'.
11:11:34 INFO  : 'configparams force-mem-access 0' command is executed.
11:11:34 INFO  : ----------------XSDB Script----------------
connect -url tcp:127.0.0.1:3121
source D:/Xilinx/SDK/2017.3/scripts/sdk/util/zynqmp_utils.tcl
targets -set -nocase -filter {name =~"APU*" && jtag_cable_name =~ "Digilent JTAG-SMT2NC 210308A5EBEE"} -index 1
loadhw -hw F:/postureRec/posture_rec_zcu/posture_rec_zcu.sdk/top_hw_platform_0/system.hdf -mem-ranges [list {0x80000000 0xbfffffff} {0x400000000 0x5ffffffff} {0x1000000000 0x7fffffffff}]
configparams force-mem-access 1
targets -set -nocase -filter {name =~"APU*" && jtag_cable_name =~ "Digilent JTAG-SMT2NC 210308A5EBEE"} -index 1
source F:/postureRec/posture_rec_zcu/posture_rec_zcu.sdk/top_hw_platform_0/psu_init.tcl
psu_init
after 1000
psu_ps_pl_isolation_removal
after 1000
psu_ps_pl_reset_config
catch {psu_protection}
targets -set -nocase -filter {name =~"*A53*0" && jtag_cable_name =~ "Digilent JTAG-SMT2NC 210308A5EBEE"} -index 1
rst -processor
dow F:/postureRec/posture_rec_zcu/posture_rec_zcu.sdk/postureZCU/Debug/postureZCU.elf
configparams force-mem-access 0
----------------End of Script----------------

11:11:34 INFO  : Context for processor 'psu_cortexa53_0' is selected.
11:11:34 INFO  : 'con' command is executed.
11:11:34 INFO  : ----------------XSDB Script (After Launch)----------------
targets -set -nocase -filter {name =~"*A53*0" && jtag_cable_name =~ "Digilent JTAG-SMT2NC 210308A5EBEE"} -index 1
con
----------------End of Script----------------

11:11:34 INFO  : Launch script is exported to file 'F:\postureRec\posture_rec_zcu\posture_rec_zcu.sdk\.sdk\launch_scripts\xilinx_c-c++_application_(system_debugger)\system_debugger_using_debug_posturezcu.elf_on_local.tcl'
11:21:35 INFO  : Disconnected from the channel tcfchan#4.
11:21:36 INFO  : Connected to target on host '127.0.0.1' and port '3121'.
11:21:43 INFO  : Jtag cable 'Digilent JTAG-SMT2NC 210308A5EBEE' is selected.
11:21:43 INFO  : 'jtag frequency' command is executed.
11:21:43 INFO  : Sourcing of 'D:/Xilinx/SDK/2017.3/scripts/sdk/util/zynqmp_utils.tcl' is done.
11:21:43 INFO  : Context for 'APU' is selected.
11:21:43 INFO  : Hardware design information is loaded from 'F:/postureRec/posture_rec_zcu/posture_rec_zcu.sdk/top_hw_platform_0/system.hdf'.
11:21:43 INFO  : 'configparams force-mem-access 1' command is executed.
11:21:43 INFO  : Context for 'APU' is selected.
11:21:43 INFO  : Sourcing of 'F:/postureRec/posture_rec_zcu/posture_rec_zcu.sdk/top_hw_platform_0/psu_init.tcl' is done.
11:21:46 INFO  : 'psu_init' command is executed.
11:21:47 INFO  : 'after 1000' command is executed.
11:21:47 INFO  : 'psu_ps_pl_isolation_removal' command is executed.
11:21:48 INFO  : 'after 1000' command is executed.
11:21:48 INFO  : 'psu_ps_pl_reset_config' command is executed.
11:21:48 INFO  : 'catch {psu_protection}' command is executed.
11:21:48 INFO  : Context for processor 'psu_cortexa53_0' is selected.
11:21:48 INFO  : Processor reset is completed for 'psu_cortexa53_0'.
11:22:32 INFO  : The application 'F:/postureRec/posture_rec_zcu/posture_rec_zcu.sdk/postureZCU/Debug/postureZCU.elf' is downloaded to processor 'psu_cortexa53_0'.
11:22:32 INFO  : 'configparams force-mem-access 0' command is executed.
11:22:32 INFO  : ----------------XSDB Script----------------
connect -url tcp:127.0.0.1:3121
source D:/Xilinx/SDK/2017.3/scripts/sdk/util/zynqmp_utils.tcl
targets -set -nocase -filter {name =~"APU*" && jtag_cable_name =~ "Digilent JTAG-SMT2NC 210308A5EBEE"} -index 1
loadhw -hw F:/postureRec/posture_rec_zcu/posture_rec_zcu.sdk/top_hw_platform_0/system.hdf -mem-ranges [list {0x80000000 0xbfffffff} {0x400000000 0x5ffffffff} {0x1000000000 0x7fffffffff}]
configparams force-mem-access 1
targets -set -nocase -filter {name =~"APU*" && jtag_cable_name =~ "Digilent JTAG-SMT2NC 210308A5EBEE"} -index 1
source F:/postureRec/posture_rec_zcu/posture_rec_zcu.sdk/top_hw_platform_0/psu_init.tcl
psu_init
after 1000
psu_ps_pl_isolation_removal
after 1000
psu_ps_pl_reset_config
catch {psu_protection}
targets -set -nocase -filter {name =~"*A53*0" && jtag_cable_name =~ "Digilent JTAG-SMT2NC 210308A5EBEE"} -index 1
rst -processor
dow F:/postureRec/posture_rec_zcu/posture_rec_zcu.sdk/postureZCU/Debug/postureZCU.elf
configparams force-mem-access 0
----------------End of Script----------------

11:22:32 INFO  : Context for processor 'psu_cortexa53_0' is selected.
11:22:32 INFO  : 'con' command is executed.
11:22:32 INFO  : ----------------XSDB Script (After Launch)----------------
targets -set -nocase -filter {name =~"*A53*0" && jtag_cable_name =~ "Digilent JTAG-SMT2NC 210308A5EBEE"} -index 1
con
----------------End of Script----------------

11:22:32 INFO  : Launch script is exported to file 'F:\postureRec\posture_rec_zcu\posture_rec_zcu.sdk\.sdk\launch_scripts\xilinx_c-c++_application_(system_debugger)\system_debugger_using_debug_posturezcu.elf_on_local.tcl'
11:29:00 INFO  : Disconnected from the channel tcfchan#5.
14:06:58 INFO  : Registering command handlers for SDK TCF services
14:06:59 INFO  : Launching XSCT server: xsct.bat -interactive F:\postureRec\posture_rec_zcu\posture_rec_zcu.sdk\temp_xsdb_launch_script.tcl
14:07:01 INFO  : XSCT server has started successfully.
14:07:01 INFO  : Successfully done setting XSCT server connection channel  
14:07:01 INFO  : Processing command line option -hwspec F:/postureRec/posture_rec_zcu/posture_rec_zcu.sdk/top.hdf.
14:07:01 INFO  : Successfully done setting SDK workspace  
14:07:01 INFO  : Checking for hwspec changes in the project top_hw_platform_0.
14:07:09 INFO  : SDK has detected change in the last modified timestamps for source hardware specification file Source:1524549629351,  Project:1524311508927
14:07:09 INFO  : The hardware specification for project 'top_hw_platform_0' is different from F:/postureRec/posture_rec_zcu/posture_rec_zcu.sdk/top.hdf.
14:07:09 INFO  : Copied contents of F:/postureRec/posture_rec_zcu/posture_rec_zcu.sdk/top.hdf into \top_hw_platform_0\system.hdf.
14:07:23 INFO  : Synchronizing projects in the workspace with the hardware platform specification changes.
14:07:31 INFO  : 
14:07:32 INFO  : Updating hardware inferred compiler options for postureZCU.
14:07:32 INFO  : Clearing existing target manager status.
14:07:32 WARN  : Given IPC port value is invalid. Using default port 2350
14:07:32 WARN  : Given XMD timeout value is invalid. Using default value of 50000
14:07:34 WARN  : Given XMD transaction timeout value is invalid. Using default value of 60000 milli seconds
14:08:42 ERROR : Unexpected error while parsing XMD response ?: com.google.gson.JsonSyntaxException: com.google.gson.stream.MalformedJsonException: invalid number or unquoted string near 
14:08:51 INFO  : Registering command handlers for SDK TCF services
14:08:52 INFO  : Launching XSCT server: xsct.bat -interactive F:\postureRec\posture_rec_zcu\posture_rec_zcu.sdk\temp_xsdb_launch_script.tcl
14:08:54 INFO  : XSCT server has started successfully.
14:08:54 INFO  : Successfully done setting XSCT server connection channel  
14:08:54 INFO  : Processing command line option -hwspec F:/postureRec/posture_rec_zcu/posture_rec_zcu.sdk/top.hdf.
14:08:54 INFO  : Successfully done setting SDK workspace  
14:10:01 INFO  : Refreshed build settings on project system
14:15:42 INFO  : Connected to target on host '127.0.0.1' and port '3121'.
14:15:42 INFO  : Jtag cable 'Digilent JTAG-SMT2NC 210308A5EBEE' is selected.
14:15:42 INFO  : 'jtag frequency' command is executed.
14:15:42 INFO  : Sourcing of 'D:/Xilinx/SDK/2017.3/scripts/sdk/util/zynqmp_utils.tcl' is done.
14:15:42 INFO  : Context for 'APU' is selected.
14:15:43 INFO  : Hardware design information is loaded from 'F:/postureRec/posture_rec_zcu/posture_rec_zcu.sdk/top_hw_platform_0/system.hdf'.
14:15:43 INFO  : 'configparams force-mem-access 1' command is executed.
14:15:43 INFO  : Context for 'APU' is selected.
14:15:43 INFO  : Sourcing of 'F:/postureRec/posture_rec_zcu/posture_rec_zcu.sdk/top_hw_platform_0/psu_init.tcl' is done.
14:15:44 INFO  : 'psu_init' command is executed.
14:15:45 INFO  : 'after 1000' command is executed.
14:15:45 INFO  : 'psu_ps_pl_isolation_removal' command is executed.
14:15:46 INFO  : 'after 1000' command is executed.
14:15:46 INFO  : 'psu_ps_pl_reset_config' command is executed.
14:15:46 INFO  : 'catch {psu_protection}' command is executed.
14:15:46 INFO  : Context for processor 'psu_cortexa53_0' is selected.
14:15:46 INFO  : Processor reset is completed for 'psu_cortexa53_0'.
14:16:28 INFO  : The application 'F:/postureRec/posture_rec_zcu/posture_rec_zcu.sdk/system/Debug/system.elf' is downloaded to processor 'psu_cortexa53_0'.
14:16:28 INFO  : 'configparams force-mem-access 0' command is executed.
14:16:28 INFO  : ----------------XSDB Script----------------
connect -url tcp:127.0.0.1:3121
source D:/Xilinx/SDK/2017.3/scripts/sdk/util/zynqmp_utils.tcl
targets -set -nocase -filter {name =~"APU*" && jtag_cable_name =~ "Digilent JTAG-SMT2NC 210308A5EBEE"} -index 1
loadhw -hw F:/postureRec/posture_rec_zcu/posture_rec_zcu.sdk/top_hw_platform_0/system.hdf -mem-ranges [list {0x80000000 0xbfffffff} {0x400000000 0x5ffffffff} {0x1000000000 0x7fffffffff}]
configparams force-mem-access 1
targets -set -nocase -filter {name =~"APU*" && jtag_cable_name =~ "Digilent JTAG-SMT2NC 210308A5EBEE"} -index 1
source F:/postureRec/posture_rec_zcu/posture_rec_zcu.sdk/top_hw_platform_0/psu_init.tcl
psu_init
after 1000
psu_ps_pl_isolation_removal
after 1000
psu_ps_pl_reset_config
catch {psu_protection}
targets -set -nocase -filter {name =~"*A53*0" && jtag_cable_name =~ "Digilent JTAG-SMT2NC 210308A5EBEE"} -index 1
rst -processor
dow F:/postureRec/posture_rec_zcu/posture_rec_zcu.sdk/system/Debug/system.elf
configparams force-mem-access 0
----------------End of Script----------------

14:16:29 INFO  : Context for processor 'psu_cortexa53_0' is selected.
14:16:29 INFO  : 'con' command is executed.
14:16:29 INFO  : ----------------XSDB Script (After Launch)----------------
targets -set -nocase -filter {name =~"*A53*0" && jtag_cable_name =~ "Digilent JTAG-SMT2NC 210308A5EBEE"} -index 1
con
----------------End of Script----------------

14:16:29 INFO  : Launch script is exported to file 'F:\postureRec\posture_rec_zcu\posture_rec_zcu.sdk\.sdk\launch_scripts\xilinx_c-c++_application_(system_debugger)\system_debugger_using_debug_system.elf_on_local.tcl'
14:23:58 INFO  : Disconnected from the channel tcfchan#1.
