Copyright 1986-2018 Xilinx, Inc. All Rights Reserved.
-----------------------------------------------------------------------------------------
| Tool Version      : Vivado v.2018.1 (win64) Build 2188600 Wed Apr  4 18:40:38 MDT 2018
| Date              : Fri May 18 12:23:07 2018
| Host              : PK8W2TV3U66VGZI running 64-bit Service Pack 1  (build 7601)
| Command           : report_clock_utilization -file top_clock_utilization_routed.rpt
| Design            : top
| Device            : xczu9eg-ffvb1156
| Speed File        : -2  PRODUCTION 1.19 03-17-2018
| Temperature Grade : E
-----------------------------------------------------------------------------------------

Clock Utilization Report

Table of Contents
-----------------
1. Clock Primitive Utilization
2. Global Clock Resources
3. Global Clock Source Details
4. Clock Regions : Clock Primitives
5. Clock Regions : Load Primitives
6. Clock Regions : Global Clock Summary
7. Clock Regions : Routing Resource Utilization
8. Device Cell Placement Summary for Global Clock g0
9. Device Cell Placement Summary for Global Clock g1
10. Device Cell Placement Summary for Global Clock g2
11. Device Cell Placement Summary for Global Clock g3
12. Device Cell Placement Summary for Global Clock g4
13. Clock Region Cell Placement per Global Clock: Region X1Y0
14. Clock Region Cell Placement per Global Clock: Region X2Y0
15. Clock Region Cell Placement per Global Clock: Region X1Y1
16. Clock Region Cell Placement per Global Clock: Region X2Y1
17. Clock Region Cell Placement per Global Clock: Region X3Y1
18. Clock Region Cell Placement per Global Clock: Region X1Y2
19. Clock Region Cell Placement per Global Clock: Region X2Y2
20. Clock Region Cell Placement per Global Clock: Region X3Y2
21. Clock Region Cell Placement per Global Clock: Region X0Y3
22. Clock Region Cell Placement per Global Clock: Region X1Y3
23. Clock Region Cell Placement per Global Clock: Region X2Y3
24. Clock Region Cell Placement per Global Clock: Region X3Y3
25. Clock Region Cell Placement per Global Clock: Region X0Y4
26. Clock Region Cell Placement per Global Clock: Region X1Y4

1. Clock Primitive Utilization
------------------------------

+------------+------+-----------+-----+--------------+--------+
| Type       | Used | Available | LOC | Clock Region | Pblock |
+------------+------+-----------+-----+--------------+--------+
| BUFGCE     |    3 |       116 |   0 |            0 |      0 |
| BUFGCE_DIV |    0 |        16 |   0 |            0 |      0 |
| BUFGCTRL   |    0 |        32 |   0 |            0 |      0 |
| BUFG_GT    |    0 |       168 |   0 |            0 |      0 |
| MMCM       |    1 |         4 |   0 |            0 |      0 |
| PLL        |    0 |         8 |   0 |            0 |      0 |
+------------+------+-----------+-----+--------------+--------+


2. Global Clock Resources
-------------------------

+-----------+-----------+-----------------+------------+---------------+--------------+------+-------------------+-------------------+-------------+-----------------+--------------+--------------+-----------------------------------------------------------------------------------+----------------------------------------------------------------+
| Global Id | Source Id | Driver Type/Pin | Constraint | Site          | Clock Region | Root | Clock Delay Group | Load Clock Region | Clock Loads | Non-Clock Loads | Clock Period | Clock        | Driver Pin                                                                        | Net                                                            |
+-----------+-----------+-----------------+------------+---------------+--------------+------+-------------------+-------------------+-------------+-----------------+--------------+--------------+-----------------------------------------------------------------------------------+----------------------------------------------------------------+
| g0        | src0      | BUFGCE/O        | None       | BUFGCE_X0Y50  | X3Y2         | X1Y2 |                   |                14 |       53306 |               0 |        3.000 | clk_out2_PLL | pl_top_m1/PLL_m1/inst/clkout2_buf/O                                               | pl_top_m1/PLL_m1/inst/clk_out2                                 |
| g1        | src1      | BUFG_PS/O       | None       | BUFG_PS_X0Y48 | X1Y2         | X1Y1 |                   |                12 |        1633 |               1 |        3.000 | clk_pl_0     | system_wrapper_m1/system_i/zynq_ultra_ps_e_0/inst/buffer_pl_clk_0.PL_CLK_0_BUFG/O | system_wrapper_m1/system_i/zynq_ultra_ps_e_0/inst/pl_clk0      |
| g2        | src1      | BUFG_PS/O       | None       | BUFG_PS_X0Y49 | X1Y2         | X1Y2 |                   |                 3 |         985 |               0 |        3.000 | clk_pl_1     | system_wrapper_m1/system_i/zynq_ultra_ps_e_0/inst/pl_clk1_BUFG_inst/O             | system_wrapper_m1/system_i/zynq_ultra_ps_e_0/inst/pl_clk1_BUFG |
| g3        | src0      | BUFGCE/O        | None       | BUFGCE_X0Y62  | X3Y2         | X1Y2 |                   |                 3 |           4 |               0 |        3.000 | clk_out1_PLL | pl_top_m1/PLL_m1/inst/clkout1_buf/O                                               | pl_top_m1/PLL_m1/inst/clk_out1                                 |
| g4        | src0      | BUFGCE/O        | None       | BUFGCE_X0Y68  | X3Y2         | X1Y2 | n/a               |                 1 |           0 |               1 |        3.000 | clkfbout_PLL | pl_top_m1/PLL_m1/inst/clkf_buf/O                                                  | pl_top_m1/PLL_m1/inst/clkfbout_buf_PLL                         |
+-----------+-----------+-----------------+------------+---------------+--------------+------+-------------------+-------------------+-------------+-----------------+--------------+--------------+-----------------------------------------------------------------------------------+----------------------------------------------------------------+
* Clock Loads column represents the clock pin loads (pin count)
** Non-Clock Loads column represents the non-clock pin loads (pin count)


3. Global Clock Source Details
------------------------------

+-----------+-----------+---------------------+------------+-----------+--------------+-------------+-----------------+---------------------+--------------+------------------------------------------------------------------+------------------------------------------------------------------------+
| Source Id | Global Id | Driver Type/Pin     | Constraint | Site      | Clock Region | Clock Loads | Non-Clock Loads | Source Clock Period | Source Clock | Driver Pin                                                       | Net                                                                    |
+-----------+-----------+---------------------+------------+-----------+--------------+-------------+-----------------+---------------------+--------------+------------------------------------------------------------------+------------------------------------------------------------------------+
| src0      | g3        | MMCME4_ADV/CLKOUT0  | None       | MMCM_X0Y2 | X3Y2         |           1 |               0 |               3.000 | clk_out1_PLL | pl_top_m1/PLL_m1/inst/mmcme4_adv_inst/CLKOUT0                    | pl_top_m1/PLL_m1/inst/clk_out1_PLL                                     |
| src0      | g0        | MMCME4_ADV/CLKOUT1  | None       | MMCM_X0Y2 | X3Y2         |           1 |               0 |               3.000 | clk_out2_PLL | pl_top_m1/PLL_m1/inst/mmcme4_adv_inst/CLKOUT1                    | pl_top_m1/PLL_m1/inst/clk_out2_PLL                                     |
| src0      | g4        | MMCME4_ADV/CLKFBOUT | None       | MMCM_X0Y2 | X3Y2         |           1 |               0 |               3.000 | clkfbout_PLL | pl_top_m1/PLL_m1/inst/mmcme4_adv_inst/CLKFBOUT                   | pl_top_m1/PLL_m1/inst/clkfbout_PLL                                     |
| src1      | g2        | PS8/PLCLK[1]        | None       | PS8_X0Y0  | X0Y0         |           1 |               0 |               3.000 | clk_pl_1     | system_wrapper_m1/system_i/zynq_ultra_ps_e_0/inst/PS8_i/PLCLK[1] | system_wrapper_m1/system_i/zynq_ultra_ps_e_0/inst/pl_clk1              |
| src1      | g1        | PS8/PLCLK[0]        | None       | PS8_X0Y0  | X0Y0         |           1 |               0 |               3.000 | clk_pl_0     | system_wrapper_m1/system_i/zynq_ultra_ps_e_0/inst/PS8_i/PLCLK[0] | system_wrapper_m1/system_i/zynq_ultra_ps_e_0/inst/pl_clk_unbuffered[0] |
+-----------+-----------+---------------------+------------+-----------+--------------+-------------+-----------------+---------------------+--------------+------------------------------------------------------------------+------------------------------------------------------------------------+
* Clock Loads column represents the clock pin loads (pin count)
** Non-Clock Loads column represents the non-clock pin loads (pin count)


4. Clock Regions : Clock Primitives
-----------------------------------

+-------------------+--------------+--------------+--------------+--------------+--------------+--------------+--------------+
|                   | Global Clock |    BUFGCE    |  BUFGCE_DIV  |   BUFGCTRL   |    BUFG_GT   |     MMCM     |      PLL     |
+-------------------+------+-------+------+-------+------+-------+------+-------+------+-------+------+-------+------+-------+
| Clock Region Name | Used | Avail | Used | Avail | Used | Avail | Used | Avail | Used | Avail | Used | Avail | Used | Avail |
+-------------------+------+-------+------+-------+------+-------+------+-------+------+-------+------+-------+------+-------+
| X0Y0              |   2* |     0 |    0 |     0 |    0 |     0 |    0 |     0 |    0 |     0 |    0 |     0 |    0 |     0 |
| X1Y0              |    2 |    24 |    0 |     0 |    0 |     0 |    0 |     0 |    0 |     0 |    0 |     0 |    0 |     0 |
| X2Y0              |    2 |    24 |    0 |     0 |    0 |     0 |    0 |     0 |    0 |     0 |    0 |     0 |    0 |     0 |
| X3Y0              |    0 |    24 |    0 |    28 |    0 |     4 |    0 |     8 |    0 |     0 |    0 |     1 |    0 |     2 |
| X0Y1              |    0 |     0 |    0 |     0 |    0 |     0 |    0 |     0 |    0 |     0 |    0 |     0 |    0 |     0 |
| X1Y1              |    2 |    24 |    0 |     0 |    0 |     0 |    0 |     0 |    0 |     0 |    0 |     0 |    0 |     0 |
| X2Y1              |    2 |    24 |    0 |     0 |    0 |     0 |    0 |     0 |    0 |     0 |    0 |     0 |    0 |     0 |
| X3Y1              |    2 |    24 |    0 |    24 |    0 |     4 |    0 |     8 |    0 |     0 |    0 |     1 |    0 |     2 |
| X0Y2              |    0 |     0 |    0 |     0 |    0 |     0 |    0 |     0 |    0 |     0 |    0 |     0 |    0 |     0 |
| X1Y2              |    5 |    24 |    0 |     0 |    0 |     0 |    0 |     0 |    0 |     0 |    0 |     0 |    0 |     0 |
| X2Y2              |    4 |    24 |    0 |     0 |    0 |     0 |    0 |     0 |    0 |     0 |    0 |     0 |    0 |     0 |
| X3Y2              |    4 |    24 |    3 |    24 |    0 |     4 |    0 |     8 |    0 |     0 |    1 |     1 |    0 |     2 |
| X0Y3              |    4 |    24 |    0 |     0 |    0 |     0 |    0 |     0 |    0 |    24 |    0 |     0 |    0 |     0 |
| X1Y3              |    4 |    24 |    0 |     0 |    0 |     0 |    0 |     0 |    0 |     0 |    0 |     0 |    0 |     0 |
| X2Y3              |    2 |    24 |    0 |     0 |    0 |     0 |    0 |     0 |    0 |     0 |    0 |     0 |    0 |     0 |
| X3Y3              |    1 |    24 |    0 |    28 |    0 |     4 |    0 |     8 |    0 |     0 |    0 |     1 |    0 |     2 |
| X0Y4              |    1 |    24 |    0 |     0 |    0 |     0 |    0 |     0 |    0 |    24 |    0 |     0 |    0 |     0 |
| X1Y4              |    1 |    24 |    0 |     0 |    0 |     0 |    0 |     0 |    0 |     0 |    0 |     0 |    0 |     0 |
| X2Y4              |    0 |    24 |    0 |     0 |    0 |     0 |    0 |     0 |    0 |     0 |    0 |     0 |    0 |     0 |
| X3Y4              |    0 |    24 |    0 |     4 |    0 |     0 |    0 |     0 |    0 |    24 |    0 |     0 |    0 |     0 |
| X0Y5              |    0 |    24 |    0 |     0 |    0 |     0 |    0 |     0 |    0 |    24 |    0 |     0 |    0 |     0 |
| X1Y5              |    0 |    24 |    0 |     0 |    0 |     0 |    0 |     0 |    0 |     0 |    0 |     0 |    0 |     0 |
| X2Y5              |    0 |    24 |    0 |     0 |    0 |     0 |    0 |     0 |    0 |     0 |    0 |     0 |    0 |     0 |
| X3Y5              |    0 |    24 |    0 |     4 |    0 |     0 |    0 |     0 |    0 |    24 |    0 |     0 |    0 |     0 |
| X0Y6              |    0 |    24 |    0 |     0 |    0 |     0 |    0 |     0 |    0 |    24 |    0 |     0 |    0 |     0 |
| X1Y6              |    0 |    24 |    0 |     0 |    0 |     0 |    0 |     0 |    0 |     0 |    0 |     0 |    0 |     0 |
| X2Y6              |    0 |    24 |    0 |     0 |    0 |     0 |    0 |     0 |    0 |     0 |    0 |     0 |    0 |     0 |
| X3Y6              |    0 |    24 |    0 |     4 |    0 |     0 |    0 |     0 |    0 |    24 |    0 |     0 |    0 |     0 |
+-------------------+------+-------+------+-------+------+-------+------+-------+------+-------+------+-------+------+-------+
* Global Clock column represents track count; while other columns represents cell counts


5. Clock Regions : Load Primitives
----------------------------------

+-------------------+------------------+------------------+------------------+------------------+------------------+------------------+------------------+
|                   |   Global Clock   |        FF        |      LUTRAM      |  Block RAM (18K) |        DSP       |        GT        |      HARD IP     |
+-------------------+--------+---------+--------+---------+--------+---------+--------+---------+--------+---------+--------+---------+--------+---------+
| Clock Region Name | Used   | Avail   | Used   | Avail   | Used   | Avail   | Used   | Avail   | Used   | Avail   | Used   | Avail   | Used   | Avail   |
+-------------------+--------+---------+--------+---------+--------+---------+--------+---------+--------+---------+--------+---------+--------+---------+
| X0Y0              |     2* |       0 |      0 |       0 |      0 |       0 |      0 |       0 |      0 |       0 |      0 |       0 |      0 |       0 |
| X1Y0              |      2 |      24 |     48 |   19200 |      0 |    5280 |      2 |      48 |      0 |     120 |      0 |       0 |      0 |       0 |
| X2Y0              |      2 |      24 |     95 |   20160 |      0 |    5280 |      6 |      72 |      0 |      96 |      0 |       0 |      0 |       0 |
| X3Y0              |      0 |      24 |      0 |   19200 |      0 |    4800 |      0 |      72 |      0 |      48 |      0 |       0 |      0 |       0 |
| X0Y1              |      0 |       0 |      0 |       0 |      0 |       0 |      0 |       0 |      0 |       0 |      0 |       0 |      0 |       0 |
| X1Y1              |      2 |      24 |   5616 |   19200 |      2 |    5280 |     32 |      48 |     46 |     120 |      0 |       0 |      0 |       0 |
| X2Y1              |      2 |      24 |   6775 |   20160 |      8 |    5280 |     68 |      72 |     40 |      96 |      0 |       0 |      0 |       0 |
| X3Y1              |      2 |      24 |   1757 |   19200 |      0 |    4800 |     14 |      72 |      5 |      48 |      0 |       0 |      0 |       0 |
| X0Y2              |      0 |       0 |      0 |       0 |      0 |       0 |      0 |       0 |      0 |       0 |      0 |       0 |      0 |       0 |
| X1Y2              |      5 |      24 |   6015 |   19200 |    323 |    5280 |     33 |      48 |     30 |     120 |      0 |       0 |      0 |       0 |
| X2Y2              |      4 |      24 |   7082 |   20160 |    196 |    5280 |     41 |      72 |     48 |      96 |      0 |       0 |      0 |       0 |
| X3Y2              |      4 |      24 |   5964 |   19200 |      0 |    4800 |      2 |      72 |     26 |      48 |      0 |       0 |      0 |       0 |
| X0Y3              |      4 |      24 |   2406 |   27840 |     78 |    7200 |     60 |      96 |      8 |     144 |      0 |       4 |      0 |       0 |
| X1Y3              |      4 |      24 |   7562 |   25920 |      8 |    7200 |     72 |      72 |     31 |     144 |      0 |       0 |      0 |       0 |
| X2Y3              |      2 |      24 |   6429 |   20160 |      0 |    5280 |     16 |      72 |     47 |      96 |      0 |       0 |      0 |       0 |
| X3Y3              |      1 |      24 |   4837 |   19200 |      0 |    4800 |      0 |      72 |     24 |      48 |      0 |       0 |      0 |       0 |
| X0Y4              |      1 |      24 |      0 |   27840 |      0 |    7200 |      2 |      96 |      0 |     144 |      0 |       4 |      0 |       0 |
| X1Y4              |      1 |      24 |      0 |   25920 |      0 |    7200 |     16 |      72 |      0 |     144 |      0 |       0 |      0 |       0 |
| X2Y4              |      0 |      24 |      0 |   20160 |      0 |    5280 |      0 |      72 |      0 |      96 |      0 |       0 |      0 |       0 |
| X3Y4              |      0 |      24 |      0 |   19200 |      0 |    4800 |      0 |      72 |      0 |      48 |      0 |       4 |      0 |       0 |
| X0Y5              |      0 |      24 |      0 |   27840 |      0 |    7200 |      0 |      96 |      0 |     144 |      0 |       4 |      0 |       0 |
| X1Y5              |      0 |      24 |      0 |   25920 |      0 |    7200 |      0 |      72 |      0 |     144 |      0 |       0 |      0 |       0 |
| X2Y5              |      0 |      24 |      0 |   20160 |      0 |    5280 |      0 |      72 |      0 |      96 |      0 |       0 |      0 |       0 |
| X3Y5              |      0 |      24 |      0 |   19200 |      0 |    4800 |      0 |      72 |      0 |      48 |      0 |       4 |      0 |       0 |
| X0Y6              |      0 |      24 |      0 |   27840 |      0 |    7200 |      0 |      96 |      0 |     144 |      0 |       4 |      0 |       0 |
| X1Y6              |      0 |      24 |      0 |   25920 |      0 |    7200 |      0 |      72 |      0 |     144 |      0 |       0 |      0 |       0 |
| X2Y6              |      0 |      24 |      0 |   20160 |      0 |    5280 |      0 |      72 |      0 |      96 |      0 |       0 |      0 |       0 |
| X3Y6              |      0 |      24 |      0 |   19200 |      0 |    4800 |      0 |      72 |      0 |      48 |      0 |       4 |      0 |       0 |
+-------------------+--------+---------+--------+---------+--------+---------+--------+---------+--------+---------+--------+---------+--------+---------+
* Global Clock column represents track count; while other columns represents cell counts


6. Clock Regions : Global Clock Summary
---------------------------------------

All Modules
+----+----+----+----+----+
|    | X0 | X1 | X2 | X3 |
+----+----+----+----+----+
| Y6 |  0 |  0 |  0 |  0 |
| Y5 |  0 |  0 |  0 |  0 |
| Y4 |  1 |  1 |  0 |  0 |
| Y3 |  4 |  4 |  2 |  1 |
| Y2 |  0 |  5 |  4 |  3 |
| Y1 |  0 |  2 |  2 |  2 |
| Y0 |  0 |  2 |  2 |  0 |
+----+----+----+----+----+


7. Clock Regions : Routing Resource Utilization
-----------------------------------------------

All Modules
+-------------------+----------------------+----------------------+----------------------+----------------------+
|                   |        HROUTES       |        HDISTRS       |        VROUTES       |        VDISTRS       |
+-------------------+------+-------+-------+------+-------+-------+------+-------+-------+------+-------+-------+
| Clock Region Name | Used | Avail | Util% | Used | Avail | Util% | Used | Avail | Util% | Used | Avail | Util% |
+-------------------+------+-------+-------+------+-------+-------+------+-------+-------+------+-------+-------+
| X0Y0              |    0 |     0 |  0.00 |    0 |     0 |  0.00 |    0 |     0 |  0.00 |    0 |     0 |  0.00 |
| X1Y0              |    0 |    24 |  0.00 |    2 |    24 |  8.33 |    0 |    24 |  0.00 |    2 |    24 |  8.33 |
| X2Y0              |    0 |    24 |  0.00 |    2 |    24 |  8.33 |    0 |    24 |  0.00 |    0 |    24 |  0.00 |
| X3Y0              |    0 |    24 |  0.00 |    0 |    24 |  0.00 |    0 |    24 |  0.00 |    0 |    24 |  0.00 |
| X0Y1              |    0 |     0 |  0.00 |    0 |     0 |  0.00 |    0 |     0 |  0.00 |    0 |     0 |  0.00 |
| X1Y1              |    0 |    24 |  0.00 |    2 |    24 |  8.33 |    1 |    24 |  4.17 |    2 |    24 |  8.33 |
| X2Y1              |    0 |    24 |  0.00 |    2 |    24 |  8.33 |    0 |    24 |  0.00 |    0 |    24 |  0.00 |
| X3Y1              |    0 |    24 |  0.00 |    2 |    24 |  8.33 |    0 |    24 |  0.00 |    0 |    24 |  0.00 |
| X0Y2              |    0 |     0 |  0.00 |    0 |     0 |  0.00 |    0 |     0 |  0.00 |    0 |     0 |  0.00 |
| X1Y2              |    5 |    24 | 20.83 |    5 |    24 | 20.83 |    1 |    24 |  4.17 |    5 |    24 | 20.83 |
| X2Y2              |    3 |    24 | 12.50 |    4 |    24 | 16.67 |    0 |    24 |  0.00 |    0 |    24 |  0.00 |
| X3Y2              |    3 |    24 | 12.50 |    3 |    24 | 12.50 |    0 |    24 |  0.00 |    0 |    24 |  0.00 |
| X0Y3              |    0 |    24 |  0.00 |    4 |    24 | 16.67 |    0 |    24 |  0.00 |    0 |    24 |  0.00 |
| X1Y3              |    0 |    24 |  0.00 |    4 |    24 | 16.67 |    0 |    24 |  0.00 |    1 |    24 |  4.17 |
| X2Y3              |    0 |    24 |  0.00 |    2 |    24 |  8.33 |    0 |    24 |  0.00 |    0 |    24 |  0.00 |
| X3Y3              |    0 |    24 |  0.00 |    1 |    24 |  4.17 |    0 |    24 |  0.00 |    0 |    24 |  0.00 |
| X0Y4              |    0 |    24 |  0.00 |    1 |    24 |  4.17 |    0 |    24 |  0.00 |    0 |    24 |  0.00 |
| X1Y4              |    0 |    24 |  0.00 |    1 |    24 |  4.17 |    0 |    24 |  0.00 |    0 |    24 |  0.00 |
| X2Y4              |    0 |    24 |  0.00 |    0 |    24 |  0.00 |    0 |    24 |  0.00 |    0 |    24 |  0.00 |
| X3Y4              |    0 |    24 |  0.00 |    0 |    24 |  0.00 |    0 |    24 |  0.00 |    0 |    24 |  0.00 |
| X0Y5              |    0 |    24 |  0.00 |    0 |    24 |  0.00 |    0 |    24 |  0.00 |    0 |    24 |  0.00 |
| X1Y5              |    0 |    24 |  0.00 |    0 |    24 |  0.00 |    0 |    24 |  0.00 |    0 |    24 |  0.00 |
| X2Y5              |    0 |    24 |  0.00 |    0 |    24 |  0.00 |    0 |    24 |  0.00 |    0 |    24 |  0.00 |
| X3Y5              |    0 |    24 |  0.00 |    0 |    24 |  0.00 |    0 |    24 |  0.00 |    0 |    24 |  0.00 |
| X0Y6              |    0 |    24 |  0.00 |    0 |    24 |  0.00 |    0 |    24 |  0.00 |    0 |    24 |  0.00 |
| X1Y6              |    0 |    24 |  0.00 |    0 |    24 |  0.00 |    0 |    24 |  0.00 |    0 |    24 |  0.00 |
| X2Y6              |    0 |    24 |  0.00 |    0 |    24 |  0.00 |    0 |    24 |  0.00 |    0 |    24 |  0.00 |
| X3Y6              |    0 |    24 |  0.00 |    0 |    24 |  0.00 |    0 |    24 |  0.00 |    0 |    24 |  0.00 |
+-------------------+------+-------+-------+------+-------+-------+------+-------+-------+------+-------+-------+


8. Device Cell Placement Summary for Global Clock g0
----------------------------------------------------

+-----------+-----------------+-------------------+--------------+-------------+---------------+----------+-------------+----------+----------------+----------+--------------------------------+
| Global Id | Driver Type/Pin | Driver Region (D) | Clock        | Period (ns) | Waveform (ns) | Root (R) | Slice Loads | IO Loads | Clocking Loads | GT Loads | Net                            |
+-----------+-----------------+-------------------+--------------+-------------+---------------+----------+-------------+----------+----------------+----------+--------------------------------+
| g0        | BUFGCE/O        | X3Y2              | clk_out2_PLL |       3.000 | {0.000 1.500} | X1Y2     |       53154 |        0 |              0 |        0 | pl_top_m1/PLL_m1/inst/clk_out2 |
+-----------+-----------------+-------------------+--------------+-------------+---------------+----------+-------------+----------+----------------+----------+--------------------------------+
* Logic Loads column represents load cell count of all cell types other than IO, GT and clock resources
** IO Loads column represents load cell count of IO types
*** Clocking Loads column represents load cell count that are clock resources (global clock buffer, MMCM, PLL, etc)
**** GT Loads column represents load cell count of GT types


+----+-------+----------+-------+-----------+
|    | X0    | X1       | X2    | X3        |
+----+-------+----------+-------+-----------+
| Y6 |     0 |        0 |     0 |         0 |
| Y5 |     0 |        0 |     0 |         0 |
| Y4 |     1 |        8 |     0 |         0 |
| Y3 |  1546 |     7564 |  6243 |      4861 |
| Y2 |     0 | (R) 6224 |  7005 |  (D) 5992 |
| Y1 |     0 |     4961 |  6833 |      1769 |
| Y0 |     0 |       49 |    98 |         0 |
+----+-------+----------+-------+-----------+


9. Device Cell Placement Summary for Global Clock g1
----------------------------------------------------

+-----------+-----------------+-------------------+----------+-------------+---------------+----------+-------------+----------+----------------+----------+-----------------------------------------------------------+
| Global Id | Driver Type/Pin | Driver Region (D) | Clock    | Period (ns) | Waveform (ns) | Root (R) | Slice Loads | IO Loads | Clocking Loads | GT Loads | Net                                                       |
+-----------+-----------------+-------------------+----------+-------------+---------------+----------+-------------+----------+----------------+----------+-----------------------------------------------------------+
| g1        | BUFG_PS/O       | X1Y2              | clk_pl_0 |       3.000 | {0.000 1.500} | X1Y1     |        1625 |        0 |              1 |        0 | system_wrapper_m1/system_i/zynq_ultra_ps_e_0/inst/pl_clk0 |
+-----------+-----------------+-------------------+----------+-------------+---------------+----------+-------------+----------+----------------+----------+-----------------------------------------------------------+
* Logic Loads column represents load cell count of all cell types other than IO, GT and clock resources
** IO Loads column represents load cell count of IO types
*** Clocking Loads column represents load cell count that are clock resources (global clock buffer, MMCM, PLL, etc)
**** GT Loads column represents load cell count of GT types


+----+----+----------+------+----+
|    | X0 | X1       | X2   | X3 |
+----+----+----------+------+----+
| Y6 |  0 |        0 |    0 |  0 |
| Y5 |  0 |        0 |    0 |  0 |
| Y4 |  0 |        0 |    0 |  0 |
| Y3 |  1 |       73 |  246 |  0 |
| Y2 |  0 |  (D) 150 |  353 |  1 |
| Y1 |  0 |  (R) 735 |   55 |  7 |
| Y0 |  1 |        1 |    3 |  0 |
+----+----+----------+------+----+


10. Device Cell Placement Summary for Global Clock g2
-----------------------------------------------------

+-----------+-----------------+-------------------+----------+-------------+---------------+----------+-------------+----------+----------------+----------+----------------------------------------------------------------+
| Global Id | Driver Type/Pin | Driver Region (D) | Clock    | Period (ns) | Waveform (ns) | Root (R) | Slice Loads | IO Loads | Clocking Loads | GT Loads | Net                                                            |
+-----------+-----------------+-------------------+----------+-------------+---------------+----------+-------------+----------+----------------+----------+----------------------------------------------------------------+
| g2        | BUFG_PS/O       | X1Y2              | clk_pl_1 |       3.000 | {0.000 1.500} | X1Y2     |         985 |        0 |              0 |        0 | system_wrapper_m1/system_i/zynq_ultra_ps_e_0/inst/pl_clk1_BUFG |
+-----------+-----------------+-------------------+----------+-------------+---------------+----------+-------------+----------+----------------+----------+----------------------------------------------------------------+
* Logic Loads column represents load cell count of all cell types other than IO, GT and clock resources
** IO Loads column represents load cell count of IO types
*** Clocking Loads column represents load cell count that are clock resources (global clock buffer, MMCM, PLL, etc)
**** GT Loads column represents load cell count of GT types


+----+------+------------+----+----+
|    | X0   | X1         | X2 | X3 |
+----+------+------------+----+----+
| Y6 |    0 |          0 |  0 |  0 |
| Y5 |    0 |          0 |  0 |  0 |
| Y4 |    0 |          0 |  0 |  0 |
| Y3 |  974 |          0 |  0 |  0 |
| Y2 |    0 | (R) (D) 10 |  0 |  0 |
| Y1 |    0 |          0 |  0 |  0 |
| Y0 |    1 |          0 |  0 |  0 |
+----+------+------------+----+----+


11. Device Cell Placement Summary for Global Clock g3
-----------------------------------------------------

+-----------+-----------------+-------------------+--------------+-------------+---------------+----------+-------------+----------+----------------+----------+--------------------------------+
| Global Id | Driver Type/Pin | Driver Region (D) | Clock        | Period (ns) | Waveform (ns) | Root (R) | Slice Loads | IO Loads | Clocking Loads | GT Loads | Net                            |
+-----------+-----------------+-------------------+--------------+-------------+---------------+----------+-------------+----------+----------------+----------+--------------------------------+
| g3        | BUFGCE/O        | X3Y2              | clk_out1_PLL |       3.000 | {0.000 1.500} | X1Y2     |           4 |        0 |              0 |        0 | pl_top_m1/PLL_m1/inst/clk_out1 |
+-----------+-----------------+-------------------+--------------+-------------+---------------+----------+-------------+----------+----------------+----------+--------------------------------+
* Logic Loads column represents load cell count of all cell types other than IO, GT and clock resources
** IO Loads column represents load cell count of IO types
*** Clocking Loads column represents load cell count that are clock resources (global clock buffer, MMCM, PLL, etc)
**** GT Loads column represents load cell count of GT types


+----+----+-------+----+--------+
|    | X0 | X1    | X2 | X3     |
+----+----+-------+----+--------+
| Y6 |  0 |     0 |  0 |      0 |
| Y5 |  0 |     0 |  0 |      0 |
| Y4 |  0 |     0 |  0 |      0 |
| Y3 |  1 |     0 |  0 |      0 |
| Y2 |  0 | (R) 2 |  1 |  (D) 0 |
| Y1 |  0 |     0 |  0 |      0 |
| Y0 |  0 |     0 |  0 |      0 |
+----+----+-------+----+--------+


12. Device Cell Placement Summary for Global Clock g4
-----------------------------------------------------

+-----------+-----------------+-------------------+--------------+-------------+---------------+----------+-------------+----------+----------------+----------+----------------------------------------+
| Global Id | Driver Type/Pin | Driver Region (D) | Clock        | Period (ns) | Waveform (ns) | Root (R) | Slice Loads | IO Loads | Clocking Loads | GT Loads | Net                                    |
+-----------+-----------------+-------------------+--------------+-------------+---------------+----------+-------------+----------+----------------+----------+----------------------------------------+
| g4        | BUFGCE/O        | X3Y2              | clkfbout_PLL |       3.000 | {0.000 1.500} | X1Y2     |           0 |        0 |              1 |        0 | pl_top_m1/PLL_m1/inst/clkfbout_buf_PLL |
+-----------+-----------------+-------------------+--------------+-------------+---------------+----------+-------------+----------+----------------+----------+----------------------------------------+
* Logic Loads column represents load cell count of all cell types other than IO, GT and clock resources
** IO Loads column represents load cell count of IO types
*** Clocking Loads column represents load cell count that are clock resources (global clock buffer, MMCM, PLL, etc)
**** GT Loads column represents load cell count of GT types


+----+----+-------+----+--------+
|    | X0 | X1    | X2 | X3     |
+----+----+-------+----+--------+
| Y6 |  0 |     0 |  0 |      0 |
| Y5 |  0 |     0 |  0 |      0 |
| Y4 |  0 |     0 |  0 |      0 |
| Y3 |  0 |     0 |  0 |      0 |
| Y2 |  0 | (R) 0 |  0 |  (D) 1 |
| Y1 |  0 |     0 |  0 |      0 |
| Y0 |  0 |     0 |  0 |      0 |
+----+----+-------+----+--------+


13. Clock Region Cell Placement per Global Clock: Region X1Y0
-------------------------------------------------------------

+-----------+-------+-----------------+------------+-------------+-----------------+----+--------+------+-----+----+------+-----+---------+-----------------------------------------------------------+
| Global Id | Track | Driver Type/Pin | Constraint | Clock Loads | Non-Clock Loads | FF | LUTRAM | RAMB | DSP | GT | MMCM | PLL | Hard IP | Net                                                       |
+-----------+-------+-----------------+------------+-------------+-----------------+----+--------+------+-----+----+------+-----+---------+-----------------------------------------------------------+
| g0        | 2     | BUFGCE/O        | None       |          49 |               0 | 48 |      0 |    1 |   0 |  0 |    0 |   0 |       0 | pl_top_m1/PLL_m1/inst/clk_out2                            |
| g1        | 0     | BUFG_PS/O       | None       |           1 |               0 |  0 |      0 |    1 |   0 |  0 |    0 |   0 |       0 | system_wrapper_m1/system_i/zynq_ultra_ps_e_0/inst/pl_clk0 |
+-----------+-------+-----------------+------------+-------------+-----------------+----+--------+------+-----+----+------+-----+---------+-----------------------------------------------------------+
* Clock Loads column represents the clock pin loads (pin count)
** Non-Clock Loads column represents the non-clock pin loads (pin count)
*** Columns FF, LUTRAM, RAMB through 'Hard IP' represents load cell counts


14. Clock Region Cell Placement per Global Clock: Region X2Y0
-------------------------------------------------------------

+-----------+-------+-----------------+------------+-------------+-----------------+----+--------+------+-----+----+------+-----+---------+-----------------------------------------------------------+
| Global Id | Track | Driver Type/Pin | Constraint | Clock Loads | Non-Clock Loads | FF | LUTRAM | RAMB | DSP | GT | MMCM | PLL | Hard IP | Net                                                       |
+-----------+-------+-----------------+------------+-------------+-----------------+----+--------+------+-----+----+------+-----+---------+-----------------------------------------------------------+
| g0        | 2     | BUFGCE/O        | None       |          98 |               0 | 95 |      0 |    3 |   0 |  0 |    0 |   0 |       0 | pl_top_m1/PLL_m1/inst/clk_out2                            |
| g1        | 0     | BUFG_PS/O       | None       |           3 |               0 |  0 |      0 |    3 |   0 |  0 |    0 |   0 |       0 | system_wrapper_m1/system_i/zynq_ultra_ps_e_0/inst/pl_clk0 |
+-----------+-------+-----------------+------------+-------------+-----------------+----+--------+------+-----+----+------+-----+---------+-----------------------------------------------------------+
* Clock Loads column represents the clock pin loads (pin count)
** Non-Clock Loads column represents the non-clock pin loads (pin count)
*** Columns FF, LUTRAM, RAMB through 'Hard IP' represents load cell counts


15. Clock Region Cell Placement per Global Clock: Region X1Y1
-------------------------------------------------------------

+-----------+-------+-----------------+------------+-------------+-----------------+------+--------+------+-----+----+------+-----+---------+-----------------------------------------------------------+
| Global Id | Track | Driver Type/Pin | Constraint | Clock Loads | Non-Clock Loads | FF   | LUTRAM | RAMB | DSP | GT | MMCM | PLL | Hard IP | Net                                                       |
+-----------+-------+-----------------+------------+-------------+-----------------+------+--------+------+-----+----+------+-----+---------+-----------------------------------------------------------+
| g0        | 2     | BUFGCE/O        | None       |        4961 |               0 | 4900 |      0 |   16 |  45 |  0 |    0 |   0 |       0 | pl_top_m1/PLL_m1/inst/clk_out2                            |
| g1        | 0     | BUFG_PS/O       | None       |         735 |               0 |  716 |      2 |   16 |   1 |  0 |    0 |   0 |       0 | system_wrapper_m1/system_i/zynq_ultra_ps_e_0/inst/pl_clk0 |
+-----------+-------+-----------------+------------+-------------+-----------------+------+--------+------+-----+----+------+-----+---------+-----------------------------------------------------------+
* Clock Loads column represents the clock pin loads (pin count)
** Non-Clock Loads column represents the non-clock pin loads (pin count)
*** Columns FF, LUTRAM, RAMB through 'Hard IP' represents load cell counts


16. Clock Region Cell Placement per Global Clock: Region X2Y1
-------------------------------------------------------------

+-----------+-------+-----------------+------------+-------------+-----------------+------+--------+------+-----+----+------+-----+---------+-----------------------------------------------------------+
| Global Id | Track | Driver Type/Pin | Constraint | Clock Loads | Non-Clock Loads | FF   | LUTRAM | RAMB | DSP | GT | MMCM | PLL | Hard IP | Net                                                       |
+-----------+-------+-----------------+------------+-------------+-----------------+------+--------+------+-----+----+------+-----+---------+-----------------------------------------------------------+
| g0        | 2     | BUFGCE/O        | None       |        6833 |               0 | 6751 |      8 |   34 |  40 |  0 |    0 |   0 |       0 | pl_top_m1/PLL_m1/inst/clk_out2                            |
| g1        | 0     | BUFG_PS/O       | None       |          55 |               0 |   24 |      0 |   31 |   0 |  0 |    0 |   0 |       0 | system_wrapper_m1/system_i/zynq_ultra_ps_e_0/inst/pl_clk0 |
+-----------+-------+-----------------+------------+-------------+-----------------+------+--------+------+-----+----+------+-----+---------+-----------------------------------------------------------+
* Clock Loads column represents the clock pin loads (pin count)
** Non-Clock Loads column represents the non-clock pin loads (pin count)
*** Columns FF, LUTRAM, RAMB through 'Hard IP' represents load cell counts


17. Clock Region Cell Placement per Global Clock: Region X3Y1
-------------------------------------------------------------

+-----------+-------+-----------------+------------+-------------+-----------------+------+--------+------+-----+----+------+-----+---------+-----------------------------------------------------------+
| Global Id | Track | Driver Type/Pin | Constraint | Clock Loads | Non-Clock Loads | FF   | LUTRAM | RAMB | DSP | GT | MMCM | PLL | Hard IP | Net                                                       |
+-----------+-------+-----------------+------------+-------------+-----------------+------+--------+------+-----+----+------+-----+---------+-----------------------------------------------------------+
| g0        | 2     | BUFGCE/O        | None       |        1769 |               0 | 1757 |      0 |    7 |   5 |  0 |    0 |   0 |       0 | pl_top_m1/PLL_m1/inst/clk_out2                            |
| g1        | 0     | BUFG_PS/O       | None       |           7 |               0 |    0 |      0 |    7 |   0 |  0 |    0 |   0 |       0 | system_wrapper_m1/system_i/zynq_ultra_ps_e_0/inst/pl_clk0 |
+-----------+-------+-----------------+------------+-------------+-----------------+------+--------+------+-----+----+------+-----+---------+-----------------------------------------------------------+
* Clock Loads column represents the clock pin loads (pin count)
** Non-Clock Loads column represents the non-clock pin loads (pin count)
*** Columns FF, LUTRAM, RAMB through 'Hard IP' represents load cell counts


18. Clock Region Cell Placement per Global Clock: Region X1Y2
-------------------------------------------------------------

+-----------+-------+-----------------+------------+-------------+-----------------+------+--------+------+-----+----+------+-----+---------+----------------------------------------------------------------+
| Global Id | Track | Driver Type/Pin | Constraint | Clock Loads | Non-Clock Loads | FF   | LUTRAM | RAMB | DSP | GT | MMCM | PLL | Hard IP | Net                                                            |
+-----------+-------+-----------------+------------+-------------+-----------------+------+--------+------+-----+----+------+-----+---------+----------------------------------------------------------------+
| g0        | 2     | BUFGCE/O        | None       |        6224 |               0 | 5854 |    323 |   17 |  30 |  0 |    0 |   0 |       0 | pl_top_m1/PLL_m1/inst/clk_out2                                 |
| g1        | 0     | BUFG_PS/O       | None       |         150 |               0 |  149 |      0 |    1 |   0 |  0 |    0 |   0 |       0 | system_wrapper_m1/system_i/zynq_ultra_ps_e_0/inst/pl_clk0      |
| g2        | 1     | BUFG_PS/O       | None       |          10 |               0 |   10 |      0 |    0 |   0 |  0 |    0 |   0 |       0 | system_wrapper_m1/system_i/zynq_ultra_ps_e_0/inst/pl_clk1_BUFG |
| g3        | 14    | BUFGCE/O        | None       |           2 |               0 |    2 |      0 |    0 |   0 |  0 |    0 |   0 |       0 | pl_top_m1/PLL_m1/inst/clk_out1                                 |
| g4+       | 20    | BUFGCE/O        | None       |           0 |               0 |    0 |      0 |    0 |   0 |  0 |    0 |   0 |       0 | pl_top_m1/PLL_m1/inst/clkfbout_buf_PLL                         |
+-----------+-------+-----------------+------------+-------------+-----------------+------+--------+------+-----+----+------+-----+---------+----------------------------------------------------------------+
* Clock Loads column represents the clock pin loads (pin count)
** Non-Clock Loads column represents the non-clock pin loads (pin count)
*** Columns FF, LUTRAM, RAMB through 'Hard IP' represents load cell counts
**** In Global Id column, sympbol '+' indicates that global clock was used only to route through the clock region.


19. Clock Region Cell Placement per Global Clock: Region X2Y2
-------------------------------------------------------------

+-----------+-------+-----------------+------------+-------------+-----------------+------+--------+------+-----+----+------+-----+---------+-----------------------------------------------------------+
| Global Id | Track | Driver Type/Pin | Constraint | Clock Loads | Non-Clock Loads | FF   | LUTRAM | RAMB | DSP | GT | MMCM | PLL | Hard IP | Net                                                       |
+-----------+-------+-----------------+------------+-------------+-----------------+------+--------+------+-----+----+------+-----+---------+-----------------------------------------------------------+
| g0        | 2     | BUFGCE/O        | None       |        7005 |               0 | 6739 |    196 |   22 |  48 |  0 |    0 |   0 |       0 | pl_top_m1/PLL_m1/inst/clk_out2                            |
| g1        | 0     | BUFG_PS/O       | None       |         353 |               0 |  342 |      0 |   11 |   0 |  0 |    0 |   0 |       0 | system_wrapper_m1/system_i/zynq_ultra_ps_e_0/inst/pl_clk0 |
| g3        | 14    | BUFGCE/O        | None       |           1 |               0 |    1 |      0 |    0 |   0 |  0 |    0 |   0 |       0 | pl_top_m1/PLL_m1/inst/clk_out1                            |
| g4+       | 20    | BUFGCE/O        | None       |           0 |               0 |    0 |      0 |    0 |   0 |  0 |    0 |   0 |       0 | pl_top_m1/PLL_m1/inst/clkfbout_buf_PLL                    |
+-----------+-------+-----------------+------------+-------------+-----------------+------+--------+------+-----+----+------+-----+---------+-----------------------------------------------------------+
* Clock Loads column represents the clock pin loads (pin count)
** Non-Clock Loads column represents the non-clock pin loads (pin count)
*** Columns FF, LUTRAM, RAMB through 'Hard IP' represents load cell counts
**** In Global Id column, sympbol '+' indicates that global clock was used only to route through the clock region.


20. Clock Region Cell Placement per Global Clock: Region X3Y2
-------------------------------------------------------------

+-----------+-------+-----------------+------------+-------------+-----------------+------+--------+------+-----+----+------+-----+---------+-----------------------------------------------------------+
| Global Id | Track | Driver Type/Pin | Constraint | Clock Loads | Non-Clock Loads | FF   | LUTRAM | RAMB | DSP | GT | MMCM | PLL | Hard IP | Net                                                       |
+-----------+-------+-----------------+------------+-------------+-----------------+------+--------+------+-----+----+------+-----+---------+-----------------------------------------------------------+
| g0        | 2     | BUFGCE/O        | None       |        5992 |               0 | 5964 |      0 |    2 |  26 |  0 |    0 |   0 |       0 | pl_top_m1/PLL_m1/inst/clk_out2                            |
| g1        | 0     | BUFG_PS/O       | None       |           0 |               1 |    0 |      0 |    0 |   0 |  0 |    1 |   0 |       0 | system_wrapper_m1/system_i/zynq_ultra_ps_e_0/inst/pl_clk0 |
| g3+       | 14    | BUFGCE/O        | None       |           0 |               0 |    0 |      0 |    0 |   0 |  0 |    0 |   0 |       0 | pl_top_m1/PLL_m1/inst/clk_out1                            |
| g4        | 20    | BUFGCE/O        | None       |           0 |               1 |    0 |      0 |    0 |   0 |  0 |    1 |   0 |       0 | pl_top_m1/PLL_m1/inst/clkfbout_buf_PLL                    |
+-----------+-------+-----------------+------------+-------------+-----------------+------+--------+------+-----+----+------+-----+---------+-----------------------------------------------------------+
* Clock Loads column represents the clock pin loads (pin count)
** Non-Clock Loads column represents the non-clock pin loads (pin count)
*** Columns FF, LUTRAM, RAMB through 'Hard IP' represents load cell counts
**** In Global Id column, sympbol '+' indicates that global clock was used only to route through the clock region.


21. Clock Region Cell Placement per Global Clock: Region X0Y3
-------------------------------------------------------------

+-----------+-------+-----------------+------------+-------------+-----------------+------+--------+------+-----+----+------+-----+---------+----------------------------------------------------------------+
| Global Id | Track | Driver Type/Pin | Constraint | Clock Loads | Non-Clock Loads | FF   | LUTRAM | RAMB | DSP | GT | MMCM | PLL | Hard IP | Net                                                            |
+-----------+-------+-----------------+------------+-------------+-----------------+------+--------+------+-----+----+------+-----+---------+----------------------------------------------------------------+
| g0        | 2     | BUFGCE/O        | None       |        1546 |               0 | 1508 |      0 |   30 |   8 |  0 |    0 |   0 |       0 | pl_top_m1/PLL_m1/inst/clk_out2                                 |
| g1        | 0     | BUFG_PS/O       | None       |           1 |               0 |    1 |      0 |    0 |   0 |  0 |    0 |   0 |       0 | system_wrapper_m1/system_i/zynq_ultra_ps_e_0/inst/pl_clk0      |
| g2        | 1     | BUFG_PS/O       | None       |         974 |               0 |  896 |     78 |    0 |   0 |  0 |    0 |   0 |       0 | system_wrapper_m1/system_i/zynq_ultra_ps_e_0/inst/pl_clk1_BUFG |
| g3        | 14    | BUFGCE/O        | None       |           1 |               0 |    1 |      0 |    0 |   0 |  0 |    0 |   0 |       0 | pl_top_m1/PLL_m1/inst/clk_out1                                 |
+-----------+-------+-----------------+------------+-------------+-----------------+------+--------+------+-----+----+------+-----+---------+----------------------------------------------------------------+
* Clock Loads column represents the clock pin loads (pin count)
** Non-Clock Loads column represents the non-clock pin loads (pin count)
*** Columns FF, LUTRAM, RAMB through 'Hard IP' represents load cell counts


22. Clock Region Cell Placement per Global Clock: Region X1Y3
-------------------------------------------------------------

+-----------+-------+-----------------+------------+-------------+-----------------+------+--------+------+-----+----+------+-----+---------+----------------------------------------------------------------+
| Global Id | Track | Driver Type/Pin | Constraint | Clock Loads | Non-Clock Loads | FF   | LUTRAM | RAMB | DSP | GT | MMCM | PLL | Hard IP | Net                                                            |
+-----------+-------+-----------------+------------+-------------+-----------------+------+--------+------+-----+----+------+-----+---------+----------------------------------------------------------------+
| g0        | 2     | BUFGCE/O        | None       |        7564 |               0 | 7489 |      8 |   36 |  31 |  0 |    0 |   0 |       0 | pl_top_m1/PLL_m1/inst/clk_out2                                 |
| g1        | 0     | BUFG_PS/O       | None       |          73 |               0 |   73 |      0 |    0 |   0 |  0 |    0 |   0 |       0 | system_wrapper_m1/system_i/zynq_ultra_ps_e_0/inst/pl_clk0      |
| g2+       | 1     | BUFG_PS/O       | None       |           0 |               0 |    0 |      0 |    0 |   0 |  0 |    0 |   0 |       0 | system_wrapper_m1/system_i/zynq_ultra_ps_e_0/inst/pl_clk1_BUFG |
| g3+       | 14    | BUFGCE/O        | None       |           0 |               0 |    0 |      0 |    0 |   0 |  0 |    0 |   0 |       0 | pl_top_m1/PLL_m1/inst/clk_out1                                 |
+-----------+-------+-----------------+------------+-------------+-----------------+------+--------+------+-----+----+------+-----+---------+----------------------------------------------------------------+
* Clock Loads column represents the clock pin loads (pin count)
** Non-Clock Loads column represents the non-clock pin loads (pin count)
*** Columns FF, LUTRAM, RAMB through 'Hard IP' represents load cell counts
**** In Global Id column, sympbol '+' indicates that global clock was used only to route through the clock region.


23. Clock Region Cell Placement per Global Clock: Region X2Y3
-------------------------------------------------------------

+-----------+-------+-----------------+------------+-------------+-----------------+------+--------+------+-----+----+------+-----+---------+-----------------------------------------------------------+
| Global Id | Track | Driver Type/Pin | Constraint | Clock Loads | Non-Clock Loads | FF   | LUTRAM | RAMB | DSP | GT | MMCM | PLL | Hard IP | Net                                                       |
+-----------+-------+-----------------+------------+-------------+-----------------+------+--------+------+-----+----+------+-----+---------+-----------------------------------------------------------+
| g0        | 2     | BUFGCE/O        | None       |        6243 |               0 | 6187 |      0 |    9 |  47 |  0 |    0 |   0 |       0 | pl_top_m1/PLL_m1/inst/clk_out2                            |
| g1        | 0     | BUFG_PS/O       | None       |         246 |               0 |  242 |      0 |    4 |   0 |  0 |    0 |   0 |       0 | system_wrapper_m1/system_i/zynq_ultra_ps_e_0/inst/pl_clk0 |
+-----------+-------+-----------------+------------+-------------+-----------------+------+--------+------+-----+----+------+-----+---------+-----------------------------------------------------------+
* Clock Loads column represents the clock pin loads (pin count)
** Non-Clock Loads column represents the non-clock pin loads (pin count)
*** Columns FF, LUTRAM, RAMB through 'Hard IP' represents load cell counts


24. Clock Region Cell Placement per Global Clock: Region X3Y3
-------------------------------------------------------------

+-----------+-------+-----------------+------------+-------------+-----------------+------+--------+------+-----+----+------+-----+---------+--------------------------------+
| Global Id | Track | Driver Type/Pin | Constraint | Clock Loads | Non-Clock Loads | FF   | LUTRAM | RAMB | DSP | GT | MMCM | PLL | Hard IP | Net                            |
+-----------+-------+-----------------+------------+-------------+-----------------+------+--------+------+-----+----+------+-----+---------+--------------------------------+
| g0        | 2     | BUFGCE/O        | None       |        4861 |               0 | 4837 |      0 |    0 |  24 |  0 |    0 |   0 |       0 | pl_top_m1/PLL_m1/inst/clk_out2 |
+-----------+-------+-----------------+------------+-------------+-----------------+------+--------+------+-----+----+------+-----+---------+--------------------------------+
* Clock Loads column represents the clock pin loads (pin count)
** Non-Clock Loads column represents the non-clock pin loads (pin count)
*** Columns FF, LUTRAM, RAMB through 'Hard IP' represents load cell counts


25. Clock Region Cell Placement per Global Clock: Region X0Y4
-------------------------------------------------------------

+-----------+-------+-----------------+------------+-------------+-----------------+----+--------+------+-----+----+------+-----+---------+--------------------------------+
| Global Id | Track | Driver Type/Pin | Constraint | Clock Loads | Non-Clock Loads | FF | LUTRAM | RAMB | DSP | GT | MMCM | PLL | Hard IP | Net                            |
+-----------+-------+-----------------+------------+-------------+-----------------+----+--------+------+-----+----+------+-----+---------+--------------------------------+
| g0        | 2     | BUFGCE/O        | None       |           1 |               0 |  0 |      0 |    1 |   0 |  0 |    0 |   0 |       0 | pl_top_m1/PLL_m1/inst/clk_out2 |
+-----------+-------+-----------------+------------+-------------+-----------------+----+--------+------+-----+----+------+-----+---------+--------------------------------+
* Clock Loads column represents the clock pin loads (pin count)
** Non-Clock Loads column represents the non-clock pin loads (pin count)
*** Columns FF, LUTRAM, RAMB through 'Hard IP' represents load cell counts


26. Clock Region Cell Placement per Global Clock: Region X1Y4
-------------------------------------------------------------

+-----------+-------+-----------------+------------+-------------+-----------------+----+--------+------+-----+----+------+-----+---------+--------------------------------+
| Global Id | Track | Driver Type/Pin | Constraint | Clock Loads | Non-Clock Loads | FF | LUTRAM | RAMB | DSP | GT | MMCM | PLL | Hard IP | Net                            |
+-----------+-------+-----------------+------------+-------------+-----------------+----+--------+------+-----+----+------+-----+---------+--------------------------------+
| g0        | 2     | BUFGCE/O        | None       |           8 |               0 |  0 |      0 |    8 |   0 |  0 |    0 |   0 |       0 | pl_top_m1/PLL_m1/inst/clk_out2 |
+-----------+-------+-----------------+------------+-------------+-----------------+----+--------+------+-----+----+------+-----+---------+--------------------------------+
* Clock Loads column represents the clock pin loads (pin count)
** Non-Clock Loads column represents the non-clock pin loads (pin count)
*** Columns FF, LUTRAM, RAMB through 'Hard IP' represents load cell counts


